<?xml version="1.0" encoding="UTF-8"?>
<testng-results skipped="0" failed="0" ignored="0" total="1" passed="1">
  <reporter-output>
  </reporter-output>
  <suite name="Default suite" duration-ms="39" started-at="2018-04-23T12:38:31Z" finished-at="2018-04-23T12:38:31Z">
    <groups>
    </groups>
    <test name="Default test" duration-ms="39" started-at="2018-04-23T12:38:31Z" finished-at="2018-04-23T12:38:31Z">
      <class name="com.jinjie.NewTest">
        <test-method status="PASS" signature="beforeTest()[pri:0, instance:com.jinjie.NewTest@51efea79]" name="beforeTest" is-config="true" duration-ms="12" started-at="2018-04-23T20:38:31Z" finished-at="2018-04-23T20:38:31Z">
          <reporter-output>
          </reporter-output>
        </test-method> <!-- beforeTest -->
        <test-method status="PASS" signature="f()[pri:0, instance:com.jinjie.NewTest@51efea79]" name="f" duration-ms="7" started-at="2018-04-23T20:38:31Z" finished-at="2018-04-23T20:38:31Z">
          <reporter-output>
          </reporter-output>
        </test-method> <!-- f -->
        <test-method status="PASS" signature="afterTest()[pri:0, instance:com.jinjie.NewTest@51efea79]" name="afterTest" is-config="true" duration-ms="0" started-at="2018-04-23T20:38:31Z" finished-at="2018-04-23T20:38:31Z">
          <reporter-output>
          </reporter-output>
        </test-method> <!-- afterTest -->
      </class> <!-- com.jinjie.NewTest -->
    </test> <!-- Default test -->
  </suite> <!-- Default suite -->
</testng-results>
